2023-09-18 21:35:26,687 INFO o.a.j.u.JMeterUtils: Setting Locale to pt_BR
2023-09-18 21:35:26,722 INFO o.a.j.JMeter: Loading user properties from: user.properties
2023-09-18 21:35:26,723 INFO o.a.j.JMeter: Loading system properties from: system.properties
2023-09-18 21:35:26,723 INFO o.a.j.JMeter: Loading additional properties from: C:\Users\Maria Fernanda\Desktop\apache-jmeter-5.6.2 (1)\apache-jmeter-5.6.2\bin\user.properties
2023-09-18 21:35:26,735 INFO o.a.j.JMeter: Copyright (c) 1998-2023 The Apache Software Foundation
2023-09-18 21:35:26,736 INFO o.a.j.JMeter: Version 5.6.2
2023-09-18 21:35:26,736 INFO o.a.j.JMeter: java.version=1.8.0_202
2023-09-18 21:35:26,736 INFO o.a.j.JMeter: java.vm.name=Java HotSpot(TM) 64-Bit Server VM
2023-09-18 21:35:26,736 INFO o.a.j.JMeter: os.name=Windows 10
2023-09-18 21:35:26,736 INFO o.a.j.JMeter: os.arch=amd64
2023-09-18 21:35:26,736 INFO o.a.j.JMeter: os.version=10.0
2023-09-18 21:35:26,736 INFO o.a.j.JMeter: file.encoding=Cp1252
2023-09-18 21:35:26,736 INFO o.a.j.JMeter: java.awt.headless=true
2023-09-18 21:35:26,736 INFO o.a.j.JMeter: Max memory     =1888485376
2023-09-18 21:35:26,736 INFO o.a.j.JMeter: Available Processors =4
2023-09-18 21:35:26,745 INFO o.a.j.JMeter: Default Locale=português (Brasil)
2023-09-18 21:35:26,745 INFO o.a.j.JMeter: JMeter  Locale=português (Brasil)
2023-09-18 21:35:26,745 INFO o.a.j.JMeter: JMeterHome=C:\Users\Maria Fernanda\Desktop\apache-jmeter-5.6.2 (1)\apache-jmeter-5.6.2
2023-09-18 21:35:26,745 INFO o.a.j.JMeter: user.dir  =C:\Users\Maria Fernanda\Desktop\apache-jmeter-5.6.2 (1)\apache-jmeter-5.6.2\bin
2023-09-18 21:35:26,746 INFO o.a.j.JMeter: PWD       =C:\Users\Maria Fernanda\Desktop\apache-jmeter-5.6.2 (1)\apache-jmeter-5.6.2\bin
2023-09-18 21:35:26,747 INFO o.a.j.JMeter: IP: 192.168.15.7 Name: LAPTOP-JQNBL0HL FullName: LAPTOP-JQNBL0HL
2023-09-18 21:35:26,773 INFO o.a.j.JMeter: Setting property 'jmeter.reportgenerator.outputdir' to:'C:\Users\Maria Fernanda\Desktop\apache-jmeter-5.6.2 (1)\apache-jmeter-5.6.2\bin\ResultsTest'
2023-09-18 21:35:26,778 INFO o.a.j.r.d.ReportGenerator: ReportGenerator will use for Parsing the separator: ','
2023-09-18 21:35:26,778 INFO o.a.j.r.d.ReportGenerator: Will only generate report from results file: C:\Users\Maria Fernanda\Desktop\summary.csv
2023-09-18 21:35:26,778 INFO o.a.j.r.d.ReportGenerator: Reading report generator properties from: C:\Users\Maria Fernanda\Desktop\apache-jmeter-5.6.2 (1)\apache-jmeter-5.6.2\bin\reportgenerator.properties
2023-09-18 21:35:26,779 INFO o.a.j.r.d.ReportGenerator: Merging with JMeter properties
2023-09-18 21:35:26,787 INFO o.a.j.r.c.ReportGeneratorConfiguration: Property 'jmeter.reportgenerator.temp_dir' not found, using default value 'temp' instead.
2023-09-18 21:35:26,791 INFO o.a.j.r.c.ReportGeneratorConfiguration: Property 'jmeter.reportgenerator.apdex_per_transaction' not found, using default value 'null' instead.
2023-09-18 21:35:26,799 INFO o.a.j.r.c.ReportGeneratorConfiguration: apdex_per_transaction is empty, not APDEX per transaction customization
2023-09-18 21:35:26,799 INFO o.a.j.r.c.ReportGeneratorConfiguration: Property 'jmeter.reportgenerator.sample_filter' not found, using default value 'null' instead.
2023-09-18 21:35:26,799 INFO o.a.j.r.c.ReportGeneratorConfiguration: Property 'jmeter.reportgenerator.report_title' not found, using default value 'null' instead.
2023-09-18 21:35:26,799 INFO o.a.j.r.c.ReportGeneratorConfiguration: Property 'jmeter.reportgenerator.start_date' not found, using default value 'null' instead.
2023-09-18 21:35:26,799 INFO o.a.j.r.c.ReportGeneratorConfiguration: Property 'jmeter.reportgenerator.end_date' not found, using default value 'null' instead.
2023-09-18 21:35:26,799 INFO o.a.j.r.c.ReportGeneratorConfiguration: Property 'jmeter.reportgenerator.date_format' not found, using default value 'null' instead.
2023-09-18 21:35:26,802 INFO o.a.j.r.c.ReportGeneratorConfiguration: Will use date range start date: null, end date: null
2023-09-18 21:35:26,810 INFO o.a.j.r.c.ReportGeneratorConfiguration: Property 'jmeter.reportgenerator.graph.totalTPS.exclude_controllers' not found, using default value 'false' instead.
2023-09-18 21:35:26,810 INFO o.a.j.r.c.ReportGeneratorConfiguration: Property 'jmeter.reportgenerator.graph.activeThreadsOverTime.exclude_controllers' not found, using default value 'false' instead.
2023-09-18 21:35:26,810 INFO o.a.j.r.c.ReportGeneratorConfiguration: Property 'jmeter.reportgenerator.graph.timeVsThreads.exclude_controllers' not found, using default value 'false' instead.
2023-09-18 21:35:26,811 INFO o.a.j.r.c.ReportGeneratorConfiguration: Property 'jmeter.reportgenerator.graph.responseTimeDistribution.exclude_controllers' not found, using default value 'false' instead.
2023-09-18 21:35:26,811 INFO o.a.j.r.c.ReportGeneratorConfiguration: Property 'jmeter.reportgenerator.graph.transactionsPerSecond.exclude_controllers' not found, using default value 'false' instead.
2023-09-18 21:35:26,811 INFO o.a.j.r.c.ReportGeneratorConfiguration: Property 'jmeter.reportgenerator.graph.responseTimePercentiles.exclude_controllers' not found, using default value 'false' instead.
2023-09-18 21:35:26,812 INFO o.a.j.r.c.ReportGeneratorConfiguration: Property 'jmeter.reportgenerator.graph.responseTimePercentilesOverTime.exclude_controllers' not found, using default value 'false' instead.
2023-09-18 21:35:26,812 INFO o.a.j.r.c.ReportGeneratorConfiguration: Property 'jmeter.reportgenerator.graph.responseTimesOverTime.exclude_controllers' not found, using default value 'false' instead.
2023-09-18 21:35:26,812 INFO o.a.j.r.c.ReportGeneratorConfiguration: Property 'jmeter.reportgenerator.graph.connectTimeOverTime.exclude_controllers' not found, using default value 'false' instead.
2023-09-18 21:35:26,813 INFO o.a.j.r.c.ReportGeneratorConfiguration: Property 'jmeter.reportgenerator.graph.latenciesOverTime.exclude_controllers' not found, using default value 'false' instead.
2023-09-18 21:35:26,814 INFO o.a.j.r.c.ReportGeneratorConfiguration: Property 'jmeter.reportgenerator.exporter.json.filters_only_sample_series' not found, using default value 'true' instead.
2023-09-18 21:35:26,814 INFO o.a.j.r.c.ReportGeneratorConfiguration: Property 'jmeter.reportgenerator.exporter.json.series_filter' not found, using default value '' instead.
2023-09-18 21:35:26,815 INFO o.a.j.r.c.ReportGeneratorConfiguration: Property 'jmeter.reportgenerator.exporter.json.show_controllers_only' not found, using default value 'false' instead.
2023-09-18 21:35:26,815 INFO o.a.j.r.c.ReportGeneratorConfiguration: Property 'jmeter.reportgenerator.exporter.html.filters_only_sample_series' not found, using default value 'true' instead.
2023-09-18 21:35:26,816 INFO o.a.j.r.c.ReportGeneratorConfiguration: Property 'jmeter.reportgenerator.exporter.html.series_filter' not found, using default value '' instead.
2023-09-18 21:35:26,816 INFO o.a.j.r.c.ReportGeneratorConfiguration: Property 'jmeter.reportgenerator.exporter.html.show_controllers_only' not found, using default value 'false' instead.
2023-09-18 21:35:27,045 INFO o.a.j.s.SaveService: Testplan (JMX) version: 2.2. Testlog (JTL) version: 2.2
2023-09-18 21:35:27,069 INFO o.a.j.s.SaveService: Using SaveService properties file encoding UTF-8
2023-09-18 21:35:27,076 INFO o.a.j.s.SaveService: Using SaveService properties version 5.0
2023-09-18 21:35:27,104 WARN o.a.j.s.CSVSaveService: Unknown column name Label
2023-09-18 21:35:27,113 WARN o.a.j.r.c.CsvSampleReader: File 'C:\Users\Maria Fernanda\Desktop\summary.csv' does not contain the field names header, ensure the jmeter.save.saveservice.* properties are the same as when the CSV file was created or the file may be read incorrectly when generating report
2023-09-18 21:35:27,116 WARN o.a.j.r.c.CsvSampleReader: Short CSV read around line 2 of file 'C:\Users\Maria Fernanda\Desktop\summary.csv'. Could only read 11 elements of 17 expected. Data is [purchase ticket, 182, 1109, 0, 3103, 684.54, 0.000%, 3.90499, 9.11, 3.29, 2388.0]
2023-09-18 21:35:27,117 ERROR o.a.j.JMeter: An error occurred: 
org.apache.jmeter.report.core.SampleException: Mismatch between expected number of columns:17 and columns in CSV file:11, check your jmeter.save.saveservice.* configuration or check if line 2 in 'C:\Users\Maria Fernanda\Desktop\summary.csv' is complete
	at org.apache.jmeter.report.core.CsvSampleReader.assertCorrectColumns(CsvSampleReader.java:201) ~[ApacheJMeter_core.jar:5.6.2]
	at org.apache.jmeter.report.core.CsvSampleReader.nextSample(CsvSampleReader.java:185) ~[ApacheJMeter_core.jar:5.6.2]
	at org.apache.jmeter.report.core.CsvSampleReader.<init>(CsvSampleReader.java:135) ~[ApacheJMeter_core.jar:5.6.2]
	at org.apache.jmeter.report.core.CsvSampleReader.<init>(CsvSampleReader.java:87) ~[ApacheJMeter_core.jar:5.6.2]
	at org.apache.jmeter.report.processor.CsvFileSampleSource.<init>(CsvFileSampleSource.java:111) ~[ApacheJMeter_core.jar:5.6.2]
	at org.apache.jmeter.report.dashboard.ReportGenerator.generate(ReportGenerator.java:210) ~[ApacheJMeter_core.jar:5.6.2]
	at org.apache.jmeter.JMeter.start(JMeter.java:485) [ApacheJMeter_core.jar:5.6.2]
	at sun.reflect.NativeMethodAccessorImpl.invoke0(Native Method) ~[?:1.8.0_202]
	at sun.reflect.NativeMethodAccessorImpl.invoke(Unknown Source) ~[?:1.8.0_202]
	at sun.reflect.DelegatingMethodAccessorImpl.invoke(Unknown Source) ~[?:1.8.0_202]
	at java.lang.reflect.Method.invoke(Unknown Source) ~[?:1.8.0_202]
	at org.apache.jmeter.NewDriver.main(NewDriver.java:259) [ApacheJMeter.jar:5.6.2]
